  [1m[35m (0.2ms)[0m  [1m[35mDROP TABLE IF EXISTS "users" /*application='CookieJar'*/[0m
  [1m[35m (57.2ms)[0m  [1m[35mCREATE TABLE "users" ("id" integer PRIMARY KEY AUTOINCREMENT NOT NULL, "login" varchar, "password_digest" varchar, "achievements" text, "cookies" integer, "created_at" datetime(6) NOT NULL, "updated_at" datetime(6) NOT NULL) /*application='CookieJar'*/[0m
  [1m[35m (0.4ms)[0m  [1m[35mCREATE UNIQUE INDEX "index_users_on_login" ON "users" ("login") /*application='CookieJar'*/[0m
  [1m[35m (0.4ms)[0m  [1m[35mCREATE TABLE "schema_migrations" ("version" varchar NOT NULL PRIMARY KEY) /*application='CookieJar'*/[0m
  [1m[36mActiveRecord::SchemaMigration Load (0.2ms)[0m  [1m[34mSELECT "schema_migrations"."version" FROM "schema_migrations" ORDER BY "schema_migrations"."version" ASC /*application='CookieJar'*/[0m
  [1m[35m (0.4ms)[0m  [1m[32mINSERT INTO "schema_migrations" (version) VALUES (20250507200035) /*application='CookieJar'*/[0m
  [1m[35m (0.6ms)[0m  [1m[35mCREATE TABLE "ar_internal_metadata" ("key" varchar NOT NULL PRIMARY KEY, "value" varchar, "created_at" datetime(6) NOT NULL, "updated_at" datetime(6) NOT NULL) /*application='CookieJar'*/[0m
  [1m[36mActiveRecord::InternalMetadata Load (0.2ms)[0m  [1m[34mSELECT * FROM "ar_internal_metadata" WHERE "ar_internal_metadata"."key" = 'environment' ORDER BY "ar_internal_metadata"."key" ASC LIMIT 1 /*application='CookieJar'*/[0m
  [1m[36mActiveRecord::InternalMetadata Create (0.4ms)[0m  [1m[32mINSERT INTO "ar_internal_metadata" ("key", "value", "created_at", "updated_at") VALUES ('environment', 'development', '2025-05-08 07:21:40.274646', '2025-05-08 07:21:40.274653') RETURNING "key" /*application='CookieJar'*/[0m
  [1m[36mActiveRecord::InternalMetadata Load (0.2ms)[0m  [1m[34mSELECT * FROM "ar_internal_metadata" WHERE "ar_internal_metadata"."key" = 'environment' ORDER BY "ar_internal_metadata"."key" ASC LIMIT 1 /*application='CookieJar'*/[0m
  [1m[36mActiveRecord::InternalMetadata Load (0.2ms)[0m  [1m[34mSELECT * FROM "ar_internal_metadata" WHERE "ar_internal_metadata"."key" = 'schema_sha1' ORDER BY "ar_internal_metadata"."key" ASC LIMIT 1 /*application='CookieJar'*/[0m
  [1m[36mActiveRecord::InternalMetadata Create (0.3ms)[0m  [1m[32mINSERT INTO "ar_internal_metadata" ("key", "value", "created_at", "updated_at") VALUES ('schema_sha1', '5b2e5811611915fac3b12297aad0fb8496af0665', '2025-05-08 07:21:40.309125', '2025-05-08 07:21:40.309131') RETURNING "key" /*application='CookieJar'*/[0m
  [1m[36mActiveRecord::InternalMetadata Load (0.1ms)[0m  [1m[34mSELECT * FROM "ar_internal_metadata" WHERE "ar_internal_metadata"."key" = 'environment' ORDER BY "ar_internal_metadata"."key" ASC LIMIT 1 /*application='CookieJar'*/[0m
  [1m[36mActiveRecord::SchemaMigration Load (0.2ms)[0m  [1m[34mSELECT "schema_migrations"."version" FROM "schema_migrations" ORDER BY "schema_migrations"."version" ASC /*application='CookieJar'*/[0m
  [1m[36mActiveRecord::SchemaMigration Load (0.1ms)[0m  [1m[34mSELECT "schema_migrations"."version" FROM "schema_migrations" ORDER BY "schema_migrations"."version" ASC /*application='CookieJar'*/[0m
Started POST "/signup" for ::1 at 2025-05-08 10:22:52 +0300
  [1m[36mActiveRecord::SchemaMigration Load (0.3ms)[0m  [1m[34mSELECT "schema_migrations"."version" FROM "schema_migrations" ORDER BY "schema_migrations"."version" ASC /*application='CookieJar'*/[0m
Processing by AuthController#signup as */*
  Parameters: {"login"=>"test3", "password"=>"[FILTERED]", "password_confirmation"=>"[FILTERED]", "auth"=>{"login"=>"test3", "password"=>"[FILTERED]", "password_confirmation"=>"[FILTERED]"}}
[31mUnpermitted parameter: :auth. Context: { controller: AuthController, action: signup, request: #<ActionDispatch::Request:0x000001d73b295018>, params: {"login"=>"test3", "password"=>"[FILTERED]", "password_confirmation"=>"[FILTERED]", "controller"=>"auth", "action"=>"signup", "auth"=>{"login"=>"test3", "password"=>"[FILTERED]", "password_confirmation"=>"[FILTERED]"}} }[0m
  [1m[36mTRANSACTION (0.1ms)[0m  [1m[35mBEGIN immediate TRANSACTION /*action='signup',application='CookieJar',controller='auth'*/[0m
  ↳ app/controllers/auth_controller.rb:7:in `signup'
  [1m[36mUser Exists? (21.2ms)[0m  [1m[34mSELECT 1 AS one FROM "users" WHERE "users"."login" = 'test3' LIMIT 1 /*action='signup',application='CookieJar',controller='auth'*/[0m
  ↳ app/controllers/auth_controller.rb:7:in `signup'
  [1m[36mTRANSACTION (0.1ms)[0m  [1m[31mROLLBACK TRANSACTION /*action='signup',application='CookieJar',controller='auth'*/[0m
  ↳ app/controllers/auth_controller.rb:7:in `signup'
Completed 422 Unprocessable Content in 1055ms (Views: 0.6ms | ActiveRecord: 35.1ms (1 query, 0 cached) | GC: 0.5ms)


Started POST "/signup" for ::1 at 2025-05-08 10:23:01 +0300
Processing by AuthController#signup as */*
  Parameters: {"login"=>"test3", "password"=>"[FILTERED]", "password_confirmation"=>"[FILTERED]", "auth"=>{"login"=>"test3", "password"=>"[FILTERED]", "password_confirmation"=>"[FILTERED]"}}
[31mUnpermitted parameter: :auth. Context: { controller: AuthController, action: signup, request: #<ActionDispatch::Request:0x000001d73a714428>, params: {"login"=>"test3", "password"=>"[FILTERED]", "password_confirmation"=>"[FILTERED]", "controller"=>"auth", "action"=>"signup", "auth"=>{"login"=>"test3", "password"=>"[FILTERED]", "password_confirmation"=>"[FILTERED]"}} }[0m
  [1m[36mTRANSACTION (0.1ms)[0m  [1m[35mBEGIN immediate TRANSACTION /*action='signup',application='CookieJar',controller='auth'*/[0m
  ↳ app/controllers/auth_controller.rb:7:in `signup'
  [1m[36mUser Exists? (5.2ms)[0m  [1m[34mSELECT 1 AS one FROM "users" WHERE "users"."login" = 'test3' LIMIT 1 /*action='signup',application='CookieJar',controller='auth'*/[0m
  ↳ app/controllers/auth_controller.rb:7:in `signup'
  [1m[36mUser Create (0.3ms)[0m  [1m[32mINSERT INTO "users" ("login", "password_digest", "achievements", "cookies", "created_at", "updated_at") VALUES ('test3', '$2a$12$vhOSnJH2XhMLlXRcLgCKZOZu4nWwu3zr6xfxTIlztqj9St0WbxYr2', '["Registered!"]', NULL, '2025-05-08 07:23:01.670423', '2025-05-08 07:23:01.670423') RETURNING "id" /*action='signup',application='CookieJar',controller='auth'*/[0m
  ↳ app/controllers/auth_controller.rb:7:in `signup'
  [1m[36mTRANSACTION (48.7ms)[0m  [1m[35mCOMMIT TRANSACTION /*action='signup',application='CookieJar',controller='auth'*/[0m
  ↳ app/controllers/auth_controller.rb:7:in `signup'
Completed 201 Created in 501ms (Views: 0.2ms | ActiveRecord: 54.2ms (2 queries, 0 cached) | GC: 0.0ms)


Started POST "/signin" for ::1 at 2025-05-08 10:23:24 +0300
Processing by AuthController#signin as */*
  Parameters: {"login"=>"test34", "password"=>"[FILTERED]", "password_confirmation"=>"[FILTERED]", "auth"=>{"login"=>"test34", "password"=>"[FILTERED]", "password_confirmation"=>"[FILTERED]"}}
  [1m[36mUser Load (0.3ms)[0m  [1m[34mSELECT "users".* FROM "users" WHERE "users"."login" = 'test34' LIMIT 1 /*action='signin',application='CookieJar',controller='auth'*/[0m
  ↳ app/controllers/auth_controller.rb:16:in `signin'
Completed 401 Unauthorized in 9ms (Views: 0.2ms | ActiveRecord: 0.3ms (1 query, 0 cached) | GC: 0.0ms)


Started POST "/signin" for ::1 at 2025-05-08 10:23:33 +0300
Processing by AuthController#signin as */*
  Parameters: {"login"=>"test3", "password"=>"[FILTERED]", "password_confirmation"=>"[FILTERED]", "auth"=>{"login"=>"test3", "password"=>"[FILTERED]", "password_confirmation"=>"[FILTERED]"}}
  [1m[36mUser Load (0.3ms)[0m  [1m[34mSELECT "users".* FROM "users" WHERE "users"."login" = 'test3' LIMIT 1 /*action='signin',application='CookieJar',controller='auth'*/[0m
  ↳ app/controllers/auth_controller.rb:16:in `signin'
Completed 401 Unauthorized in 404ms (Views: 0.2ms | ActiveRecord: 0.3ms (1 query, 0 cached) | GC: 0.0ms)


Started POST "/signin" for ::1 at 2025-05-08 10:23:38 +0300
Processing by AuthController#signin as */*
  Parameters: {"login"=>"test3", "password"=>"[FILTERED]", "password_confirmation"=>"[FILTERED]", "auth"=>{"login"=>"test3", "password"=>"[FILTERED]", "password_confirmation"=>"[FILTERED]"}}
  [1m[36mUser Load (0.3ms)[0m  [1m[34mSELECT "users".* FROM "users" WHERE "users"."login" = 'test3' LIMIT 1 /*action='signin',application='CookieJar',controller='auth'*/[0m
  ↳ app/controllers/auth_controller.rb:16:in `signin'
Completed 200 OK in 401ms (Views: 0.2ms | ActiveRecord: 0.3ms (1 query, 0 cached) | GC: 0.0ms)


Started POST "/signup" for ::1 at 2025-05-08 11:12:39 +0300
  [1m[36mActiveRecord::SchemaMigration Load (0.3ms)[0m  [1m[34mSELECT "schema_migrations"."version" FROM "schema_migrations" ORDER BY "schema_migrations"."version" ASC /*application='CookieJar'*/[0m
Processing by AuthController#signup as */*
  Parameters: {"login"=>"test123", "password"=>"[FILTERED]", "password_confirmation"=>"[FILTERED]", "auth"=>{"login"=>"test123", "password"=>"[FILTERED]", "password_confirmation"=>"[FILTERED]"}}
[31mUnpermitted parameter: :auth. Context: { controller: AuthController, action: signup, request: #<ActionDispatch::Request:0x000001fd17010700>, params: {"login"=>"test123", "password"=>"[FILTERED]", "password_confirmation"=>"[FILTERED]", "controller"=>"auth", "action"=>"signup", "auth"=>{"login"=>"test123", "password"=>"[FILTERED]", "password_confirmation"=>"[FILTERED]"}} }[0m
  [1m[36mTRANSACTION (0.1ms)[0m  [1m[35mBEGIN immediate TRANSACTION /*action='signup',application='CookieJar',controller='auth'*/[0m
  ↳ app/controllers/auth_controller.rb:7:in `signup'
  [1m[36mUser Exists? (6.2ms)[0m  [1m[34mSELECT 1 AS one FROM "users" WHERE "users"."login" = 'test123' LIMIT 1 /*action='signup',application='CookieJar',controller='auth'*/[0m
  ↳ app/controllers/auth_controller.rb:7:in `signup'
  [1m[36mUser Create (67.9ms)[0m  [1m[32mINSERT INTO "users" ("login", "password_digest", "achievements", "cookies", "created_at", "updated_at") VALUES ('test123', '$2a$12$i0lzeprx/q8iYkQjRoAUPuPeAMsJyjfISdnYsOO9Cb7qNyS0h7hnu', '["Registered!"]', NULL, '2025-05-08 08:12:41.660761', '2025-05-08 08:12:41.660761') RETURNING "id" /*action='signup',application='CookieJar',controller='auth'*/[0m
  ↳ app/controllers/auth_controller.rb:7:in `signup'
  [1m[36mTRANSACTION (50.2ms)[0m  [1m[35mCOMMIT TRANSACTION /*action='signup',application='CookieJar',controller='auth'*/[0m
  ↳ app/controllers/auth_controller.rb:7:in `signup'
Completed 201 Created in 870ms (Views: 0.7ms | ActiveRecord: 131.6ms (2 queries, 0 cached) | GC: 0.2ms)


Started POST "/signup" for ::1 at 2025-05-08 11:13:04 +0300
Processing by AuthController#signup as */*
  Parameters: {"login"=>"test123", "password"=>"[FILTERED]", "password_confirmation"=>"[FILTERED]", "auth"=>{"login"=>"test123", "password"=>"[FILTERED]", "password_confirmation"=>"[FILTERED]"}}
[31mUnpermitted parameter: :auth. Context: { controller: AuthController, action: signup, request: #<ActionDispatch::Request:0x000001fd18a19f70>, params: {"login"=>"test123", "password"=>"[FILTERED]", "password_confirmation"=>"[FILTERED]", "controller"=>"auth", "action"=>"signup", "auth"=>{"login"=>"test123", "password"=>"[FILTERED]", "password_confirmation"=>"[FILTERED]"}} }[0m
  [1m[36mTRANSACTION (0.1ms)[0m  [1m[35mBEGIN immediate TRANSACTION /*action='signup',application='CookieJar',controller='auth'*/[0m
  ↳ app/controllers/auth_controller.rb:7:in `signup'
  [1m[36mUser Exists? (4.7ms)[0m  [1m[34mSELECT 1 AS one FROM "users" WHERE "users"."login" = 'test123' LIMIT 1 /*action='signup',application='CookieJar',controller='auth'*/[0m
  ↳ app/controllers/auth_controller.rb:7:in `signup'
  [1m[36mTRANSACTION (0.1ms)[0m  [1m[31mROLLBACK TRANSACTION /*action='signup',application='CookieJar',controller='auth'*/[0m
  ↳ app/controllers/auth_controller.rb:7:in `signup'
Completed 422 Unprocessable Content in 508ms (Views: 0.1ms | ActiveRecord: 4.9ms (1 query, 0 cached) | GC: 0.0ms)


Started POST "/signup" for ::1 at 2025-05-08 11:13:11 +0300
Processing by AuthController#signup as */*
  Parameters: {"login"=>"test13", "password"=>"[FILTERED]", "password_confirmation"=>"[FILTERED]", "auth"=>{"login"=>"test13", "password"=>"[FILTERED]", "password_confirmation"=>"[FILTERED]"}}
[31mUnpermitted parameter: :auth. Context: { controller: AuthController, action: signup, request: #<ActionDispatch::Request:0x000001fd172c5018>, params: {"login"=>"test13", "password"=>"[FILTERED]", "password_confirmation"=>"[FILTERED]", "controller"=>"auth", "action"=>"signup", "auth"=>{"login"=>"test13", "password"=>"[FILTERED]", "password_confirmation"=>"[FILTERED]"}} }[0m
  [1m[36mTRANSACTION (0.1ms)[0m  [1m[35mBEGIN immediate TRANSACTION /*action='signup',application='CookieJar',controller='auth'*/[0m
  ↳ app/controllers/auth_controller.rb:7:in `signup'
  [1m[36mUser Exists? (9.4ms)[0m  [1m[34mSELECT 1 AS one FROM "users" WHERE "users"."login" = 'test13' LIMIT 1 /*action='signup',application='CookieJar',controller='auth'*/[0m
  ↳ app/controllers/auth_controller.rb:7:in `signup'
  [1m[36mUser Create (0.2ms)[0m  [1m[32mINSERT INTO "users" ("login", "password_digest", "achievements", "cookies", "created_at", "updated_at") VALUES ('test13', '$2a$12$ALWIT4NeiFeDmYgOl18NDefzRJWI88W6XOD1iRcGwz7Ht/nxpQMnO', '["Registered!"]', NULL, '2025-05-08 08:13:11.976558', '2025-05-08 08:13:11.976558') RETURNING "id" /*action='signup',application='CookieJar',controller='auth'*/[0m
  ↳ app/controllers/auth_controller.rb:7:in `signup'
  [1m[36mTRANSACTION (0.2ms)[0m  [1m[35mCOMMIT TRANSACTION /*action='signup',application='CookieJar',controller='auth'*/[0m
  ↳ app/controllers/auth_controller.rb:7:in `signup'
Completed 201 Created in 459ms (Views: 0.2ms | ActiveRecord: 9.9ms (2 queries, 0 cached) | GC: 0.0ms)


  [1m[35m (0.1ms)[0m  [1m[35mDROP TABLE IF EXISTS "users" /*application='CookieJar'*/[0m
  [1m[35m (4.1ms)[0m  [1m[35mCREATE TABLE "users" ("id" integer PRIMARY KEY AUTOINCREMENT NOT NULL, "login" varchar, "password_digest" varchar, "achievements" text, "cookies" integer, "created_at" datetime(6) NOT NULL, "updated_at" datetime(6) NOT NULL) /*application='CookieJar'*/[0m
  [1m[35m (0.4ms)[0m  [1m[35mCREATE UNIQUE INDEX "index_users_on_login" ON "users" ("login") /*application='CookieJar'*/[0m
  [1m[35m (0.2ms)[0m  [1m[35mCREATE TABLE "schema_migrations" ("version" varchar NOT NULL PRIMARY KEY) /*application='CookieJar'*/[0m
  [1m[36mActiveRecord::SchemaMigration Load (0.1ms)[0m  [1m[34mSELECT "schema_migrations"."version" FROM "schema_migrations" ORDER BY "schema_migrations"."version" ASC /*application='CookieJar'*/[0m
  [1m[35m (0.1ms)[0m  [1m[32mINSERT INTO "schema_migrations" (version) VALUES (20250507200035) /*application='CookieJar'*/[0m
  [1m[35m (0.2ms)[0m  [1m[35mCREATE TABLE "ar_internal_metadata" ("key" varchar NOT NULL PRIMARY KEY, "value" varchar, "created_at" datetime(6) NOT NULL, "updated_at" datetime(6) NOT NULL) /*application='CookieJar'*/[0m
  [1m[36mActiveRecord::InternalMetadata Load (0.1ms)[0m  [1m[34mSELECT * FROM "ar_internal_metadata" WHERE "ar_internal_metadata"."key" = 'environment' ORDER BY "ar_internal_metadata"."key" ASC LIMIT 1 /*application='CookieJar'*/[0m
  [1m[36mActiveRecord::InternalMetadata Create (0.2ms)[0m  [1m[32mINSERT INTO "ar_internal_metadata" ("key", "value", "created_at", "updated_at") VALUES ('environment', 'development', '2025-05-13 19:09:22.132430', '2025-05-13 19:09:22.132436') RETURNING "key" /*application='CookieJar'*/[0m
  [1m[36mActiveRecord::InternalMetadata Load (0.1ms)[0m  [1m[34mSELECT * FROM "ar_internal_metadata" WHERE "ar_internal_metadata"."key" = 'environment' ORDER BY "ar_internal_metadata"."key" ASC LIMIT 1 /*application='CookieJar'*/[0m
  [1m[36mActiveRecord::InternalMetadata Load (0.1ms)[0m  [1m[34mSELECT * FROM "ar_internal_metadata" WHERE "ar_internal_metadata"."key" = 'schema_sha1' ORDER BY "ar_internal_metadata"."key" ASC LIMIT 1 /*application='CookieJar'*/[0m
  [1m[36mActiveRecord::InternalMetadata Create (0.3ms)[0m  [1m[32mINSERT INTO "ar_internal_metadata" ("key", "value", "created_at", "updated_at") VALUES ('schema_sha1', '5b2e5811611915fac3b12297aad0fb8496af0665', '2025-05-13 19:09:22.160013', '2025-05-13 19:09:22.160016') RETURNING "key" /*application='CookieJar'*/[0m
  [1m[36mActiveRecord::InternalMetadata Load (0.1ms)[0m  [1m[34mSELECT * FROM "ar_internal_metadata" WHERE "ar_internal_metadata"."key" = 'environment' ORDER BY "ar_internal_metadata"."key" ASC LIMIT 1 /*application='CookieJar'*/[0m
  [1m[36mActiveRecord::SchemaMigration Load (0.1ms)[0m  [1m[34mSELECT "schema_migrations"."version" FROM "schema_migrations" ORDER BY "schema_migrations"."version" ASC /*application='CookieJar'*/[0m
  [1m[36mActiveRecord::SchemaMigration Load (0.1ms)[0m  [1m[34mSELECT "schema_migrations"."version" FROM "schema_migrations" ORDER BY "schema_migrations"."version" ASC /*application='CookieJar'*/[0m
Started GET "/auth/signup" for ::1 at 2025-05-13 22:09:55 +0300
  [1m[36mActiveRecord::SchemaMigration Load (0.2ms)[0m  [1m[34mSELECT "schema_migrations"."version" FROM "schema_migrations" ORDER BY "schema_migrations"."version" ASC /*application='CookieJar'*/[0m
  
ActionController::RoutingError (No route matches [GET] "/auth/signup"):
  
Started POST "/auth/signup" for ::1 at 2025-05-13 22:10:05 +0300
Processing by AuthController#signup as */*
  Parameters: {"login"=>"test3", "password"=>"[FILTERED]", "password_confirmation"=>"[FILTERED]", "auth"=>{"login"=>"test3", "password"=>"[FILTERED]", "password_confirmation"=>"[FILTERED]"}}
[31mUnpermitted parameter: :auth. Context: { controller: AuthController, action: signup, request: #<ActionDispatch::Request:0x0000019809a81c20>, params: {"login"=>"test3", "password"=>"[FILTERED]", "password_confirmation"=>"[FILTERED]", "controller"=>"auth", "action"=>"signup", "auth"=>{"login"=>"test3", "password"=>"[FILTERED]", "password_confirmation"=>"[FILTERED]"}} }[0m
  [1m[36mTRANSACTION (0.2ms)[0m  [1m[35mBEGIN immediate TRANSACTION /*action='signup',application='CookieJar',controller='auth'*/[0m
  ↳ app/controllers/auth_controller.rb:7:in `signup'
  [1m[36mUser Exists? (4.4ms)[0m  [1m[34mSELECT 1 AS one FROM "users" WHERE "users"."login" = 'test3' LIMIT 1 /*action='signup',application='CookieJar',controller='auth'*/[0m
  ↳ app/controllers/auth_controller.rb:7:in `signup'
  [1m[36mUser Create (0.3ms)[0m  [1m[32mINSERT INTO "users" ("login", "password_digest", "achievements", "cookies", "created_at", "updated_at") VALUES ('test3', '$2a$12$Q.1yW8GezbFkUZ2SAa/wEuzfcKp5gInr1SjUMKtwtbdA.BNcYqP9G', '["Registered!"]', NULL, '2025-05-13 19:10:06.637014', '2025-05-13 19:10:06.637014') RETURNING "id" /*action='signup',application='CookieJar',controller='auth'*/[0m
  ↳ app/controllers/auth_controller.rb:7:in `signup'
  [1m[36mTRANSACTION (9.0ms)[0m  [1m[35mCOMMIT TRANSACTION /*action='signup',application='CookieJar',controller='auth'*/[0m
  ↳ app/controllers/auth_controller.rb:7:in `signup'
Completed 201 Created in 717ms (Views: 0.3ms | ActiveRecord: 19.1ms (2 queries, 0 cached) | GC: 0.3ms)


Started POST "/auth/signin" for ::1 at 2025-05-13 22:10:28 +0300
Processing by AuthController#signin as */*
  Parameters: {"login"=>"test3", "password"=>"[FILTERED]", "password_confirmation"=>"[FILTERED]", "auth"=>{"login"=>"test3", "password"=>"[FILTERED]", "password_confirmation"=>"[FILTERED]"}}
  [1m[36mUser Load (0.3ms)[0m  [1m[34mSELECT "users".* FROM "users" WHERE "users"."login" = 'test3' LIMIT 1 /*action='signin',application='CookieJar',controller='auth'*/[0m
  ↳ app/controllers/auth_controller.rb:16:in `signin'
Completed 200 OK in 279ms (Views: 0.2ms | ActiveRecord: 0.3ms (1 query, 0 cached) | GC: 0.0ms)


Started GET "/auth/testJwt" for ::1 at 2025-05-13 22:27:02 +0300
  [1m[36mActiveRecord::SchemaMigration Load (0.2ms)[0m  [1m[34mSELECT "schema_migrations"."version" FROM "schema_migrations" ORDER BY "schema_migrations"."version" ASC /*application='CookieJar'*/[0m
Processing by AuthController#test_jwt as */*
  Parameters: {"login"=>"test3", "password"=>"[FILTERED]", "password_confirmation"=>"[FILTERED]", "auth"=>{"login"=>"test3", "password"=>"[FILTERED]", "password_confirmation"=>"[FILTERED]"}}
Filter chain halted as :authorize_request rendered or redirected
Completed 401 Unauthorized in 3ms (Views: 0.2ms | ActiveRecord: 0.0ms (0 queries, 0 cached) | GC: 0.0ms)


Started POST "/auth/signup" for ::1 at 2025-05-13 22:27:31 +0300
Processing by AuthController#signup as */*
  Parameters: {"login"=>"test3", "password"=>"[FILTERED]", "password_confirmation"=>"[FILTERED]", "auth"=>{"login"=>"test3", "password"=>"[FILTERED]", "password_confirmation"=>"[FILTERED]"}}
[31mUnpermitted parameter: :auth. Context: { controller: AuthController, action: signup, request: #<ActionDispatch::Request:0x000002739df7a158>, params: {"login"=>"test3", "password"=>"[FILTERED]", "password_confirmation"=>"[FILTERED]", "controller"=>"auth", "action"=>"signup", "auth"=>{"login"=>"test3", "password"=>"[FILTERED]", "password_confirmation"=>"[FILTERED]"}} }[0m
  [1m[36mTRANSACTION (0.2ms)[0m  [1m[35mBEGIN immediate TRANSACTION /*action='signup',application='CookieJar',controller='auth'*/[0m
  ↳ app/controllers/auth_controller.rb:7:in `signup'
  [1m[36mUser Exists? (6.8ms)[0m  [1m[34mSELECT 1 AS one FROM "users" WHERE "users"."login" = 'test3' LIMIT 1 /*action='signup',application='CookieJar',controller='auth'*/[0m
  ↳ app/controllers/auth_controller.rb:7:in `signup'
  [1m[36mTRANSACTION (0.1ms)[0m  [1m[31mROLLBACK TRANSACTION /*action='signup',application='CookieJar',controller='auth'*/[0m
  ↳ app/controllers/auth_controller.rb:7:in `signup'
Completed 422 Unprocessable Content in 752ms (Views: 0.1ms | ActiveRecord: 11.9ms (1 query, 0 cached) | GC: 0.2ms)


Started POST "/auth/signin" for ::1 at 2025-05-13 22:27:38 +0300
Processing by AuthController#signin as */*
  Parameters: {"login"=>"test3", "password"=>"[FILTERED]", "password_confirmation"=>"[FILTERED]", "auth"=>{"login"=>"test3", "password"=>"[FILTERED]", "password_confirmation"=>"[FILTERED]"}}
  [1m[36mUser Load (0.2ms)[0m  [1m[34mSELECT "users".* FROM "users" WHERE "users"."login" = 'test3' LIMIT 1 /*action='signin',application='CookieJar',controller='auth'*/[0m
  ↳ app/controllers/auth_controller.rb:16:in `signin'
Completed 200 OK in 293ms (Views: 0.1ms | ActiveRecord: 0.1ms (1 query, 0 cached) | GC: 0.2ms)


Started GET "/auth/testJwt" for ::1 at 2025-05-13 22:28:00 +0300
Processing by AuthController#test_jwt as */*
  Parameters: {"login"=>"test3", "password"=>"[FILTERED]", "password_confirmation"=>"[FILTERED]", "auth"=>{"login"=>"test3", "password"=>"[FILTERED]", "password_confirmation"=>"[FILTERED]"}}
  [1m[36mUser Load (0.1ms)[0m  [1m[34mSELECT "users".* FROM "users" WHERE "users"."id" = 1 LIMIT 1 /*action='test_jwt',application='CookieJar',controller='auth'*/[0m
  ↳ app/controllers/application_controller.rb:40:in `authorize_request'
Completed 204 No Content in 4ms (ActiveRecord: 0.1ms (1 query, 0 cached) | GC: 0.0ms)


Started GET "/auth/testJwt" for ::1 at 2025-05-13 22:29:11 +0300
  [1m[36mActiveRecord::SchemaMigration Load (0.3ms)[0m  [1m[34mSELECT "schema_migrations"."version" FROM "schema_migrations" ORDER BY "schema_migrations"."version" ASC /*application='CookieJar'*/[0m
Processing by AuthController#test_jwt as */*
  Parameters: {"login"=>"test3", "password"=>"[FILTERED]", "password_confirmation"=>"[FILTERED]", "auth"=>{"login"=>"test3", "password"=>"[FILTERED]", "password_confirmation"=>"[FILTERED]"}}
  [1m[36mUser Load (0.2ms)[0m  [1m[34mSELECT "users".* FROM "users" WHERE "users"."id" = 1 LIMIT 1 /*action='test_jwt',application='CookieJar',controller='auth'*/[0m
  ↳ app/controllers/application_controller.rb:40:in `authorize_request'
Completed 200 OK in 60ms (Views: 0.2ms | ActiveRecord: 5.4ms (1 query, 0 cached) | GC: 0.0ms)


